<?xml version="1.0" encoding="UTF-8"?>
<testsuite name="com.example.finance.integration.SavingsGoalControllerIntegrationTest" tests="1" skipped="0" failures="0" errors="0" timestamp="2026-09-04T11:47:07.028Z" hostname="ITZHARSHU" time="0.254">
  <properties/>
  <testcase name="create, get, update, delete goal flow()" classname="com.example.finance.integration.SavingsGoalControllerIntegrationTest" time="0.243"/>
  <system-out><![CDATA[2026-09-04T17:17:07.030+05:30  INFO 8176 --- [personal-finance-manager-test] [    Test worker] t.c.s.AnnotationConfigContextLoaderUtils : Could not detect default configuration classes for test class [com.example.finance.integration.SavingsGoalControllerIntegrationTest]: SavingsGoalControllerIntegrationTest does not declare any static, non-private, non-final, nested classes annotated with @Configuration.
2026-09-04T17:17:07.035+05:30  INFO 8176 --- [personal-finance-manager-test] [    Test worker] .b.t.c.SpringBootTestContextBootstrapper : Found @SpringBootConfiguration com.example.finance.PersonalFinanceApplication for test class com.example.finance.integration.SavingsGoalControllerIntegrationTest
]]></system-out>
  <system-err><![CDATA[]]></system-err>
</testsuite>
