<?xml version="1.0" encoding="UTF-8"?>
<testsuite name="com.example.finance.integration.AuthControllerIntegrationTest" tests="1" skipped="0" failures="0" errors="0" timestamp="2026-09-04T11:46:53.371Z" hostname="ITZHARSHU" time="12.924">
  <properties/>
  <testcase name="full auth flow - register, login, logout()" classname="com.example.finance.integration.AuthControllerIntegrationTest" time="0.991"/>
  <system-out><![CDATA[17:16:53.652 [Test worker] INFO org.springframework.test.context.support.AnnotationConfigContextLoaderUtils -- Could not detect default configuration classes for test class [com.example.finance.integration.AuthControllerIntegrationTest]: AuthControllerIntegrationTest does not declare any static, non-private, non-final, nested classes annotated with @Configuration.
17:16:54.046 [Test worker] INFO org.springframework.boot.test.context.SpringBootTestContextBootstrapper -- Found @SpringBootConfiguration com.example.finance.PersonalFinanceApplication for test class com.example.finance.integration.AuthControllerIntegrationTest
2026-09-04T17:16:55.176+05:30  INFO 8176 --- [personal-finance-manager-test] [    Test worker] c.e.f.i.AuthControllerIntegrationTest    : Starting AuthControllerIntegrationTest using Java 21.0.10 with PID 8176 (started by Lenovo in C:\Users\Lenovo\.gemini\antigravity\scratch\personal-finance-manager)
2026-09-04T17:16:55.184+05:30  INFO 8176 --- [personal-finance-manager-test] [    Test worker] c.e.f.i.AuthControllerIntegrationTest    : The following 1 profile is active: "test"
2026-09-04T17:16:57.361+05:30  INFO 8176 --- [personal-finance-manager-test] [    Test worker] .s.d.r.c.RepositoryConfigurationDelegate : Bootstrapping Spring Data JPA repositories in DEFAULT mode.
2026-09-04T17:16:57.492+05:30  INFO 8176 --- [personal-finance-manager-test] [    Test worker] .s.d.r.c.RepositoryConfigurationDelegate : Finished Spring Data repository scanning in 113 ms. Found 4 JPA repository interfaces.
2026-09-04T17:16:58.571+05:30  INFO 8176 --- [personal-finance-manager-test] [    Test worker] o.hibernate.jpa.internal.util.LogHelper  : HHH000204: Processing PersistenceUnitInfo [name: default]
2026-09-04T17:16:58.754+05:30  INFO 8176 --- [personal-finance-manager-test] [    Test worker] org.hibernate.Version                    : HHH000412: Hibernate ORM core version 6.5.2.Final
2026-09-04T17:16:58.826+05:30  INFO 8176 --- [personal-finance-manager-test] [    Test worker] o.h.c.internal.RegionFactoryInitiator    : HHH000026: Second-level cache disabled
2026-09-04T17:16:59.094+05:30  INFO 8176 --- [personal-finance-manager-test] [    Test worker] o.s.o.j.p.SpringPersistenceUnitInfo      : No LoadTimeWeaver setup: ignoring JPA class transformer
2026-09-04T17:16:59.149+05:30  INFO 8176 --- [personal-finance-manager-test] [    Test worker] com.zaxxer.hikari.HikariDataSource       : HikariPool-1 - Starting...
2026-09-04T17:16:59.633+05:30  INFO 8176 --- [personal-finance-manager-test] [    Test worker] com.zaxxer.hikari.pool.HikariPool        : HikariPool-1 - Added connection conn0: url=jdbc:h2:mem:testdb user=SA
2026-09-04T17:16:59.638+05:30  INFO 8176 --- [personal-finance-manager-test] [    Test worker] com.zaxxer.hikari.HikariDataSource       : HikariPool-1 - Start completed.
2026-09-04T17:16:59.696+05:30  WARN 8176 --- [personal-finance-manager-test] [    Test worker] org.hibernate.orm.deprecation            : HHH90000025: H2Dialect does not need to be specified explicitly using 'hibernate.dialect' (remove the property setting and it will be selected by default)
2026-09-04T17:17:01.293+05:30  INFO 8176 --- [personal-finance-manager-test] [    Test worker] o.h.e.t.j.p.i.JtaPlatformInitiator       : HHH000489: No JTA platform available (set 'hibernate.transaction.jta.platform' to enable JTA platform integration)
2026-09-04T17:17:01.404+05:30  INFO 8176 --- [personal-finance-manager-test] [    Test worker] j.LocalContainerEntityManagerFactoryBean : Initialized JPA EntityManagerFactory for persistence unit 'default'
2026-09-04T17:17:01.922+05:30  INFO 8176 --- [personal-finance-manager-test] [    Test worker] o.s.d.j.r.query.QueryEnhancerFactory     : Hibernate is in classpath; If applicable, HQL parser will be used.
2026-09-04T17:17:03.172+05:30  INFO 8176 --- [personal-finance-manager-test] [    Test worker] r$InitializeUserDetailsManagerConfigurer : Global AuthenticationManager configured with UserDetailsService bean with name customUserDetailsService
2026-09-04T17:17:03.810+05:30  WARN 8176 --- [personal-finance-manager-test] [    Test worker] JpaBaseConfiguration$JpaWebConfiguration : spring.jpa.open-in-view is enabled by default. Therefore, database queries may be performed during view rendering. Explicitly configure spring.jpa.open-in-view to disable this warning
2026-09-04T17:17:03.986+05:30  INFO 8176 --- [personal-finance-manager-test] [    Test worker] o.s.b.a.h2.H2ConsoleAutoConfiguration    : H2 console available at '/h2-console'. Database available at 'jdbc:h2:mem:testdb'
2026-09-04T17:17:04.002+05:30  INFO 8176 --- [personal-finance-manager-test] [    Test worker] o.s.b.a.w.s.WelcomePageHandlerMapping    : Adding welcome page: class path resource [static/index.html]
2026-09-04T17:17:04.928+05:30  INFO 8176 --- [personal-finance-manager-test] [    Test worker] o.s.b.t.m.w.SpringBootMockServletContext : Initializing Spring TestDispatcherServlet ''
2026-09-04T17:17:04.929+05:30  INFO 8176 --- [personal-finance-manager-test] [    Test worker] o.s.t.web.servlet.TestDispatcherServlet  : Initializing Servlet ''
2026-09-04T17:17:04.931+05:30  INFO 8176 --- [personal-finance-manager-test] [    Test worker] o.s.t.web.servlet.TestDispatcherServlet  : Completed initialization in 2 ms
2026-09-04T17:17:04.971+05:30  INFO 8176 --- [personal-finance-manager-test] [    Test worker] c.e.f.i.AuthControllerIntegrationTest    : Started AuthControllerIntegrationTest in 10.501 seconds (process running for 17.2)
]]></system-out>
  <system-err><![CDATA[]]></system-err>
</testsuite>
