<?xml version="1.0" encoding="UTF-8"?>
<testsuite name="com.example.finance.security.CustomUserDetailsServiceTest" tests="2" skipped="0" failures="0" errors="0" timestamp="2026-09-04T07:27:52.632Z" hostname="ITZHARSHU" time="0.252">
  <properties/>
  <testcase name="loadUserByUsername success()" classname="com.example.finance.security.CustomUserDetailsServiceTest" time="0.095"/>
  <testcase name="loadUserByUsername user not found throws UsernameNotFoundException()" classname="com.example.finance.security.CustomUserDetailsServiceTest" time="0.006"/>
  <system-out><![CDATA[]]></system-out>
  <system-err><![CDATA[]]></system-err>
</testsuite>
