<?xml version="1.0" encoding="UTF-8"?>
<testsuite name="com.example.finance.security.UserResolverTest" tests="5" skipped="0" failures="0" errors="0" timestamp="2026-09-04T07:27:52.885Z" hostname="ITZHARSHU" time="0.115">
  <properties/>
  <testcase name="Spring UserDetails principal resolves via repository lookup()" classname="com.example.finance.security.UserResolverTest" time="0.004"/>
  <testcase name="CustomUserDetails principal resolves ID directly()" classname="com.example.finance.security.UserResolverTest" time="0.001"/>
  <testcase name="null or unauthenticated throws UnauthorizedException()" classname="com.example.finance.security.UserResolverTest" time="0.1"/>
  <testcase name="String principal resolves via repository lookup()" classname="com.example.finance.security.UserResolverTest" time="0.003"/>
  <testcase name="unknown principal throws UnauthorizedException()" classname="com.example.finance.security.UserResolverTest" time="0.002"/>
  <system-out><![CDATA[]]></system-out>
  <system-err><![CDATA[]]></system-err>
</testsuite>
