<?xml version="1.0" encoding="UTF-8"?>
<testsuite name="com.example.finance.integration.AuthControllerIntegrationTest" tests="1" skipped="0" failures="0" errors="0" timestamp="2026-09-04T11:28:47.014Z" hostname="ITZHARSHU" time="0.408">
  <properties/>
  <testcase name="full auth flow - register, login, logout()" classname="com.example.finance.integration.AuthControllerIntegrationTest" time="0.379"/>
  <system-out><![CDATA[2026-09-04T16:58:47.022+05:30  INFO 8448 --- [personal-finance-manager-test] [    Test worker] t.c.s.AnnotationConfigContextLoaderUtils : Could not detect default configuration classes for test class [com.example.finance.integration.AuthControllerIntegrationTest]: AuthControllerIntegrationTest does not declare any static, non-private, non-final, nested classes annotated with @Configuration.
2026-09-04T16:58:47.033+05:30  INFO 8448 --- [personal-finance-manager-test] [    Test worker] .b.t.c.SpringBootTestContextBootstrapper : Found @SpringBootConfiguration com.example.finance.PersonalFinanceApplication for test class com.example.finance.integration.AuthControllerIntegrationTest
]]></system-out>
  <system-err><![CDATA[]]></system-err>
</testsuite>
