<?xml version="1.0" encoding="UTF-8"?>
<testsuite name="com.example.finance.service.ReportServiceTest" tests="4" skipped="0" failures="0" errors="0" timestamp="2026-09-04T11:28:50.613Z" hostname="ITZHARSHU" time="0.038">
  <properties/>
  <testcase name="getMonthlyReport success()" classname="com.example.finance.service.ReportServiceTest" time="0.009"/>
  <testcase name="getYearlyReport invalid year throws BadRequestException()" classname="com.example.finance.service.ReportServiceTest" time="0.006"/>
  <testcase name="getMonthlyReport invalid month throws BadRequestException()" classname="com.example.finance.service.ReportServiceTest" time="0.002"/>
  <testcase name="getYearlyReport success()" classname="com.example.finance.service.ReportServiceTest" time="0.007"/>
  <system-out><![CDATA[]]></system-out>
  <system-err><![CDATA[]]></system-err>
</testsuite>
