<?xml version="1.0" encoding="UTF-8"?>
<testsuite name="com.example.finance.config.DataInitializerTest" tests="2" skipped="0" failures="0" errors="0" timestamp="2026-09-04T11:28:46.794Z" hostname="ITZHARSHU" time="0.191">
  <properties/>
  <testcase name="initDefaultCategories saves missing default categories()" classname="com.example.finance.config.DataInitializerTest" time="0.028"/>
  <testcase name="initDefaultCategories skips existing categories()" classname="com.example.finance.config.DataInitializerTest" time="0.005"/>
  <system-out><![CDATA[]]></system-out>
  <system-err><![CDATA[]]></system-err>
</testsuite>
